 ====================================================================================
 
        The finite temperature determinant quantum monte carlo (DQMC) package 
 
            FFFF   TTTTT   DDD      QQQ     M   M      CCCC                    
            F        T     D  D    Q   Q   M M M M    C                        
            FFFF     T     D   D   Q   Q   M M M M    C                        
            F        T     D  D    Q   Q   M M M M    C                        
            F        T     DDD      QQQ   M   M   M    CCCC                    
                                      \                                       
 
 
 written by Xiao Yan Xu ( wanderxu@gmail.com )                                
 
 history: 
 
     22/01/2016,  version 1.0  
 
 ------------------------------------------------------------------------------------
 
 >>> The simulation start running at 21:59:37 Aug  3 2017
 >>> Serial running 
 
 --------------------- 
 The input parameters  
 --------------------- 
 
 t      =   1.00
 t_2    =  -0.30
 t_3    =   0.13
 U      =   0.00
 js     =  -1.00
 rj     =   0.00
 hx     =   0.30
 B      =   0.00
 dimer  =   0.00
 flux_x =  0.00000
 flux_y =  0.00000
 L      =   16
 LQ     =  256
 NE     =    0
 beta   =  10.00
 dtau   =   0.050
 mu     =  -1.119
 ltrot  =    200
 nwrap  =     30
 nsweep =      1
 nbin   =      1
 nst    =      7
 nsw_stglobal =      1
 nublock =     16
  lwrapu =  F
  lwrapj =  F
  llocal =  T
  lstglobal =  F
  lsstau =  F
  ltau =  T
  ltauall =  T
  number of meas for 1 bin =           42
  total number of measurements =           42
 
 --------------------- 
 wrapping coordinates  
 --------------------- 
       wrap_step(1,i)   wrap_step(2,i)   iwrap_nt(nt) 
               1              30               1
              31              60               2
              61              90               3
              91             120               4
             121             150               5
             151             180               6
             181             200               7
 
 --------------------- 
 The lattice sites list 
 --------------------- 
   i     list(i,:) 
     1   1   1
     2   1   2
     3   1   3
     4   1   4
     5   1   5
     6   1   6
     7   1   7
     8   1   8
     9   1   9
    10   1  10
    11   1  11
    12   1  12
    13   1  13
    14   1  14
    15   1  15
    16   1  16
    17   2   1
    18   2   2
    19   2   3
    20   2   4
    21   2   5
    22   2   6
    23   2   7
    24   2   8
    25   2   9
    26   2  10
    27   2  11
    28   2  12
    29   2  13
    30   2  14
    31   2  15
    32   2  16
    33   3   1
    34   3   2
    35   3   3
    36   3   4
    37   3   5
    38   3   6
    39   3   7
    40   3   8
    41   3   9
    42   3  10
    43   3  11
    44   3  12
    45   3  13
    46   3  14
    47   3  15
    48   3  16
    49   4   1
    50   4   2
    51   4   3
    52   4   4
    53   4   5
    54   4   6
    55   4   7
    56   4   8
    57   4   9
    58   4  10
    59   4  11
    60   4  12
    61   4  13
    62   4  14
    63   4  15
    64   4  16
    65   5   1
    66   5   2
    67   5   3
    68   5   4
    69   5   5
    70   5   6
    71   5   7
    72   5   8
    73   5   9
    74   5  10
    75   5  11
    76   5  12
    77   5  13
    78   5  14
    79   5  15
    80   5  16
    81   6   1
    82   6   2
    83   6   3
    84   6   4
    85   6   5
    86   6   6
    87   6   7
    88   6   8
    89   6   9
    90   6  10
    91   6  11
    92   6  12
    93   6  13
    94   6  14
    95   6  15
    96   6  16
    97   7   1
    98   7   2
    99   7   3
   100   7   4
   101   7   5
   102   7   6
   103   7   7
   104   7   8
   105   7   9
   106   7  10
   107   7  11
   108   7  12
   109   7  13
   110   7  14
   111   7  15
   112   7  16
   113   8   1
   114   8   2
   115   8   3
   116   8   4
   117   8   5
   118   8   6
   119   8   7
   120   8   8
   121   8   9
   122   8  10
   123   8  11
   124   8  12
   125   8  13
   126   8  14
   127   8  15
   128   8  16
   129   9   1
   130   9   2
   131   9   3
   132   9   4
   133   9   5
   134   9   6
   135   9   7
   136   9   8
   137   9   9
   138   9  10
   139   9  11
   140   9  12
   141   9  13
   142   9  14
   143   9  15
   144   9  16
   145  10   1
   146  10   2
   147  10   3
   148  10   4
   149  10   5
   150  10   6
   151  10   7
   152  10   8
   153  10   9
   154  10  10
   155  10  11
   156  10  12
   157  10  13
   158  10  14
   159  10  15
   160  10  16
   161  11   1
   162  11   2
   163  11   3
   164  11   4
   165  11   5
   166  11   6
   167  11   7
   168  11   8
   169  11   9
   170  11  10
   171  11  11
   172  11  12
   173  11  13
   174  11  14
   175  11  15
   176  11  16
   177  12   1
   178  12   2
   179  12   3
   180  12   4
   181  12   5
   182  12   6
   183  12   7
   184  12   8
   185  12   9
   186  12  10
   187  12  11
   188  12  12
   189  12  13
   190  12  14
   191  12  15
   192  12  16
   193  13   1
   194  13   2
   195  13   3
   196  13   4
   197  13   5
   198  13   6
   199  13   7
   200  13   8
   201  13   9
   202  13  10
   203  13  11
   204  13  12
   205  13  13
   206  13  14
   207  13  15
   208  13  16
   209  14   1
   210  14   2
   211  14   3
   212  14   4
   213  14   5
   214  14   6
   215  14   7
   216  14   8
   217  14   9
   218  14  10
   219  14  11
   220  14  12
   221  14  13
   222  14  14
   223  14  15
   224  14  16
   225  15   1
   226  15   2
   227  15   3
   228  15   4
   229  15   5
   230  15   6
   231  15   7
   232  15   8
   233  15   9
   234  15  10
   235  15  11
   236  15  12
   237  15  13
   238  15  14
   239  15  15
   240  15  16
   241  16   1
   242  16   2
   243  16   3
   244  16   4
   245  16   5
   246  16   6
   247  16   7
   248  16   8
   249  16   9
   250  16  10
   251  16  11
   252  16  12
   253  16  13
   254  16  14
   255  16  15
   256  16  16
 
-------------------------
 imj distance info       
-------------------------
  site      distance    deg 
  256      0.00000000  256
   16      1.00000000  256
  240      1.00000000  256
  255      1.00000000  256
  241      1.00000000  256
    1      1.41421354  256
   15      1.41421354  256
  239      1.41421354  256
  225      1.41421354  256
  224      2.00000000  256
  242      2.00000000  256
  254      2.00000000  256
   32      2.00000000  256
  226      2.23606801  256
  209      2.23606801  256
   17      2.23606801  256
  238      2.23606801  256
    2      2.23606801  256
  223      2.23606801  256
   31      2.23606801  256
   14      2.23606801  256
   18      2.82842708  256
  210      2.82842708  256
   30      2.82842708  256
  222      2.82842708  256
  243      3.00000000  256
  253      3.00000000  256
   48      3.00000000  256
  208      3.00000000  256
  227      3.16227770  256
   47      3.16227770  256
  193      3.16227770  256
  237      3.16227770  256
  207      3.16227770  256
   33      3.16227770  256
   13      3.16227770  256
    3      3.16227770  256
  221      3.60555124  256
  211      3.60555124  256
  206      3.60555124  256
   46      3.60555124  256
  194      3.60555124  256
   34      3.60555124  256
   19      3.60555124  256
   29      3.60555124  256
  244      4.00000000  256
   64      4.00000000  256
  252      4.00000000  256
  192      4.00000000  256
  236      4.12310553  256
    4      4.12310553  256
  191      4.12310553  256
  177      4.12310553  256
   49      4.12310553  256
  228      4.12310553  256
   63      4.12310553  256
   12      4.12310553  256
   45      4.24264050  256
  195      4.24264050  256
   35      4.24264050  256
  205      4.24264050  256
   28      4.47213602  256
  212      4.47213602  256
   50      4.47213602  256
   20      4.47213602  256
  190      4.47213602  256
  220      4.47213602  256
   62      4.47213602  256
  178      4.47213602  256
  245      5.00000000  256
   61      5.00000000  256
  176      5.00000000  256
   51      5.00000000  256
  204      5.00000000  256
  179      5.00000000  256
   44      5.00000000  256
   36      5.00000000  256
  196      5.00000000  256
  189      5.00000000  256
   80      5.00000000  256
  251      5.00000000  256
  229      5.09901953  256
  235      5.09901953  256
  175      5.09901953  256
    5      5.09901953  256
   11      5.09901953  256
   79      5.09901953  256
  161      5.09901953  256
   65      5.09901953  256
  219      5.38516474  256
   27      5.38516474  256
  174      5.38516474  256
   21      5.38516474  256
   78      5.38516474  256
  213      5.38516474  256
   66      5.38516474  256
  162      5.38516474  256
   60      5.65685415  256
   52      5.65685415  256
  188      5.65685415  256
  180      5.65685415  256
  173      5.83095169  256
  203      5.83095169  256
  197      5.83095169  256
   43      5.83095169  256
  163      5.83095169  256
   77      5.83095169  256
   37      5.83095169  256
   67      5.83095169  256
  250      6.00000000  256
  246      6.00000000  256
   96      6.00000000  256
  160      6.00000000  256
  234      6.08276272  256
  230      6.08276272  256
   95      6.08276272  256
    6      6.08276272  256
   10      6.08276272  256
   81      6.08276272  256
  145      6.08276272  256
  159      6.08276272  256
  218      6.32455540  256
  214      6.32455540  256
   26      6.32455540  256
   94      6.32455540  256
   22      6.32455540  256
   82      6.32455540  256
  158      6.32455540  256
  146      6.32455540  256
   59      6.40312433  256
   53      6.40312433  256
  181      6.40312433  256
  172      6.40312433  256
  164      6.40312433  256
   76      6.40312433  256
   68      6.40312433  256
  187      6.40312433  256
  202      6.70820379  256
  198      6.70820379  256
   93      6.70820379  256
   42      6.70820379  256
   83      6.70820379  256
  157      6.70820379  256
   38      6.70820379  256
  147      6.70820379  256
  247      7.00000000  256
  112      7.00000000  256
  249      7.00000000  256
  144      7.00000000  256
    7      7.07106781  256
  233      7.07106781  256
  231      7.07106781  256
  111      7.07106781  256
   97      7.07106781  256
  171      7.07106781  256
  165      7.07106781  256
    9      7.07106781  256
   75      7.07106781  256
  143      7.07106781  256
   69      7.07106781  256
  129      7.07106781  256
   58      7.21110249  256
  186      7.21110249  256
   92      7.21110249  256
  182      7.21110249  256
   84      7.21110249  256
  156      7.21110249  256
  148      7.21110249  256
   54      7.21110249  256
  110      7.28010988  256
  217      7.28010988  256
  215      7.28010988  256
   25      7.28010988  256
   98      7.28010988  256
   23      7.28010988  256
  142      7.28010988  256
  130      7.28010988  256
  109      7.61577320  256
  201      7.61577320  256
  199      7.61577320  256
   99      7.61577320  256
   41      7.61577320  256
   39      7.61577320  256
  141      7.61577320  256
  131      7.61577320  256
   91      7.81024981  256
  170      7.81024981  256
   85      7.81024981  256
  166      7.81024981  256
  155      7.81024981  256
  149      7.81024981  256
   74      7.81024981  256
   70      7.81024981  256
  248      8.00000000  256
  128      8.00000000  256
  127      8.06225777  256
  232      8.06225777  256
   57      8.06225777  256
  113      8.06225777  256
   55      8.06225777  256
  108      8.06225777  256
  100      8.06225777  256
  185      8.06225777  256
  183      8.06225777  256
  140      8.06225777  256
    8      8.06225777  256
  132      8.06225777  256
  126      8.24621105  256
  114      8.24621105  256
  216      8.24621105  256
   24      8.24621105  256
   90      8.48528099  256
   86      8.48528099  256
  154      8.48528099  256
  150      8.48528099  256
  125      8.54400349  256
  115      8.54400349  256
  200      8.54400349  256
   40      8.54400349  256
  107      8.60232544  256
  101      8.60232544  256
  169      8.60232544  256
  167      8.60232544  256
   73      8.60232544  256
   71      8.60232544  256
  139      8.60232544  256
  133      8.60232544  256
  124      8.94427204  256
  116      8.94427204  256
   56      8.94427204  256
  184      8.94427204  256
  106      9.21954441  256
  102      9.21954441  256
   89      9.21954441  256
   87      9.21954441  256
  153      9.21954441  256
  151      9.21954441  256
  138      9.21954441  256
  134      9.21954441  256
  123      9.43398094  256
  117      9.43398094  256
  168      9.43398094  256
   72      9.43398094  256
  105      9.89949512  256
  103      9.89949512  256
  137      9.89949512  256
  135      9.89949512  256
  122     10.00000000  256
  118     10.00000000  256
   88     10.00000000  256
  152     10.00000000  256
  121     10.63014603  256
  119     10.63014603  256
  104     10.63014603  256
  136     10.63014603  256
  120     11.31370831  256
 
 
----------------------------
 irreducible distance info       
----------------------------
  index      distance    deg 
    1      0.00000000    1
    2      1.00000000    4
    3      1.41421354    4
    4      2.00000000    4
    5      2.23606801    8
    6      2.82842708    4
    7      3.00000000    4
    8      3.16227770    8
    9      3.60555124    8
   10      4.00000000    4
   11      4.12310553    8
   12      4.24264050    4
   13      4.47213602    8
   14      5.00000000   12
   15      5.09901953    8
   16      5.38516474    8
   17      5.65685415    4
   18      5.83095169    8
   19      6.00000000    4
   20      6.08276272    8
   21      6.32455540    8
   22      6.40312433    8
   23      6.70820379    8
   24      7.00000000    4
   25      7.07106781   12
   26      7.21110249    8
   27      7.28010988    8
   28      7.61577320    8
   29      7.81024981    8
   30      8.00000000    2
   31      8.06225777   12
   32      8.24621105    4
   33      8.48528099    4
   34      8.54400349    4
   35      8.60232544    8
   36      8.94427204    4
   37      9.21954441    8
   38      9.43398094    4
   39      9.89949512    4
   40     10.00000000    4
   41     10.63014603    4
   42     11.31370831    1
 
 
 In salph: 
 xsigp2(-1) =   0.10000000E+01  0.00000000E+00
 xsigp2( 1) =   0.10000000E+01  0.00000000E+00
 xsigm2(-1) =   0.10000000E+01  0.00000000E+00
 xsigm2( 1) =   0.10000000E+01  0.00000000E+00
 dellp2(-1, 1) =   0.00000000E+00  0.00000000E+00
 dellp2( 1, 1) =   0.00000000E+00  0.00000000E+00
 dellm2(-1, 1) =   0.00000000E+00  0.00000000E+00
 dellm2( 1, 1) =   0.00000000E+00  0.00000000E+00
 
 tanhdth =   0.14998875E-01
 cothdth =   0.66671667E+02
 gamma_s =   0.20998900E+01
 
 the wsxsz for transverse ising spin part mc ratio 
      0  0.33561021E-03
      1  0.27477440E-03
     10  0.27477440E-03
     11  0.22496625E-03
    100  0.27477440E-03
    101  0.22496625E-03
    110  0.22496625E-03
    111  0.18418679E-03
   1000  0.27477440E-03
   1001  0.22496625E-03
   1010  0.22496625E-03
   1011  0.18418679E-03
   1100  0.22496625E-03
   1101  0.18418679E-03
   1110  0.18418679E-03
   1111  0.15079939E-03
  10000  0.14918247E+01
  10001  0.12214028E+01
  10010  0.12214028E+01
  10011  0.10000000E+01
  10100  0.12214028E+01
  10101  0.10000000E+01
  10110  0.10000000E+01
  10111  0.81873075E+00
  11000  0.12214028E+01
  11001  0.10000000E+01
  11010  0.10000000E+01
  11011  0.81873075E+00
  11100  0.10000000E+01
  11101  0.81873075E+00
  11110  0.81873075E+00
  11111  0.67032005E+00
 100000  0.14918247E+01
 100001  0.12214028E+01
 100010  0.12214028E+01
 100011  0.10000000E+01
 100100  0.12214028E+01
 100101  0.10000000E+01
 100110  0.10000000E+01
 100111  0.81873075E+00
 101000  0.12214028E+01
 101001  0.10000000E+01
 101010  0.10000000E+01
 101011  0.81873075E+00
 101100  0.10000000E+01
 101101  0.81873075E+00
 101110  0.81873075E+00
 101111  0.67032005E+00
 110000  0.66313266E+04
 110001  0.54292710E+04
 110010  0.54292710E+04
 110011  0.44451111E+04
 110100  0.54292710E+04
 110101  0.44451111E+04
 110110  0.44451111E+04
 110111  0.36393492E+04
 111000  0.54292710E+04
 111001  0.44451111E+04
 111010  0.44451111E+04
 111011  0.36393492E+04
 111100  0.44451111E+04
 111101  0.36393492E+04
 111110  0.36393492E+04
 111111  0.29796471E+04
1000000  0.29796471E+04
1000001  0.36393492E+04
1000010  0.36393492E+04
1000011  0.44451111E+04
1000100  0.36393492E+04
1000101  0.44451111E+04
1000110  0.44451111E+04
1000111  0.54292710E+04
1001000  0.36393492E+04
1001001  0.44451111E+04
1001010  0.44451111E+04
1001011  0.54292710E+04
1001100  0.44451111E+04
1001101  0.54292710E+04
1001110  0.54292710E+04
1001111  0.66313266E+04
1010000  0.67032005E+00
1010001  0.81873075E+00
1010010  0.81873075E+00
1010011  0.10000000E+01
1010100  0.81873075E+00
1010101  0.10000000E+01
1010110  0.10000000E+01
1010111  0.12214028E+01
1011000  0.81873075E+00
1011001  0.10000000E+01
1011010  0.10000000E+01
1011011  0.12214028E+01
1011100  0.10000000E+01
1011101  0.12214028E+01
1011110  0.12214028E+01
1011111  0.14918247E+01
1100000  0.67032005E+00
1100001  0.81873075E+00
1100010  0.81873075E+00
1100011  0.10000000E+01
1100100  0.81873075E+00
1100101  0.10000000E+01
1100110  0.10000000E+01
1100111  0.12214028E+01
1101000  0.81873075E+00
1101001  0.10000000E+01
1101010  0.10000000E+01
1101011  0.12214028E+01
1101100  0.10000000E+01
1101101  0.12214028E+01
1101110  0.12214028E+01
1101111  0.14918247E+01
1110000  0.15079939E-03
1110001  0.18418679E-03
1110010  0.18418679E-03
1110011  0.22496625E-03
1110100  0.18418679E-03
1110101  0.22496625E-03
1110110  0.22496625E-03
1110111  0.27477440E-03
1111000  0.18418679E-03
1111001  0.22496625E-03
1111010  0.22496625E-03
1111011  0.27477440E-03
1111100  0.22496625E-03
1111101  0.27477440E-03
1111110  0.27477440E-03
1111111  0.33561021E-03
 
 the wjs, the isping part for calculating global update mc ratio 
    0  0.14918247E+01
    1  0.12214028E+01
   10  0.12214028E+01
   11  0.10000000E+01
  100  0.12214028E+01
  101  0.10000000E+01
  110  0.10000000E+01
  111  0.81873075E+00
 1000  0.12214028E+01
 1001  0.10000000E+01
 1010  0.10000000E+01
 1011  0.81873075E+00
 1100  0.10000000E+01
 1101  0.81873075E+00
 1110  0.81873075E+00
 1111  0.67032005E+00
10000  0.67032005E+00
10001  0.81873075E+00
10010  0.81873075E+00
10011  0.10000000E+01
10100  0.81873075E+00
10101  0.10000000E+01
10110  0.10000000E+01
10111  0.12214028E+01
11000  0.81873075E+00
11001  0.10000000E+01
11010  0.10000000E+01
11011  0.12214028E+01
11100  0.10000000E+01
11101  0.12214028E+01
11110  0.12214028E+01
11111  0.14918247E+01
 start from scratch, need warnup 
 ftdqmc_sweep_start done 
 nwarnup =        0
after wanrup, max_wrap_error =   0.00000000E+00
after wanrup  xmax_dyn =   0.00000000E+00
 time for 1 bin:   0.12548000E+02 s
 n_out_conf_pace =         3443
    1  /    1   finished 
 max_wrap_error =   0.36390864E-11
 >>> xmax_dyn =   0.74981219E-11
 
 >>> Total time spent:     13.88s
 >>> Happy ending at 21:59:51 Aug  3 2017
 
 The simulation done !!! 
 
        o         o    
       o o       o o   
       o o       o o   
        o         o    
       o o       o o   
       o o       o o   
        o         o    
